ARM GAS  C:\Users\84935\AppData\Local\Temp\ccRicgfu.s 			page 1


   1              		.cpu cortex-m3
   2              		.arch armv7-m
   3              		.fpu softvfp
   4              		.eabi_attribute 20, 1
   5              		.eabi_attribute 21, 1
   6              		.eabi_attribute 23, 3
   7              		.eabi_attribute 24, 1
   8              		.eabi_attribute 25, 1
   9              		.eabi_attribute 26, 1
  10              		.eabi_attribute 30, 1
  11              		.eabi_attribute 34, 1
  12              		.eabi_attribute 18, 4
  13              		.file	"DWT_Delay.c"
  14              		.text
  15              	.Ltext0:
  16              		.cfi_sections	.debug_frame
  17              		.section	.text.DWT_Delay_Init,"ax",%progbits
  18              		.align	1
  19              		.global	DWT_Delay_Init
  20              		.syntax unified
  21              		.thumb
  22              		.thumb_func
  24              	DWT_Delay_Init:
  25              	.LFB67:
  26              		.file 1 "util/DWT_Delay.c"
   1:util/DWT_Delay.c **** /*
   2:util/DWT_Delay.c ****  * File: DWT_Delay.c
   3:util/DWT_Delay.c ****  * Driver Name: [[ DWT Delay ]]
   4:util/DWT_Delay.c ****  * SW Layer:   ECUAL
   5:util/DWT_Delay.c ****  * Created on: Jun 28, 2020
   6:util/DWT_Delay.c ****  * Author:     Khaled Magdy
   7:util/DWT_Delay.c ****  * -------------------------------------------
   8:util/DWT_Delay.c ****  * For More Information, Tutorials, etc.
   9:util/DWT_Delay.c ****  * Visit Website: www.DeepBlueMbedded.com
  10:util/DWT_Delay.c ****  *
  11:util/DWT_Delay.c ****  */
  12:util/DWT_Delay.c **** 
  13:util/DWT_Delay.c **** #include "DWT_Delay.h"
  14:util/DWT_Delay.c **** 
  15:util/DWT_Delay.c **** 
  16:util/DWT_Delay.c **** uint32_t DWT_Delay_Init(void)
  17:util/DWT_Delay.c **** {
  27              		.loc 1 17 1 view -0
  28              		.cfi_startproc
  29              		@ args = 0, pretend = 0, frame = 0
  30              		@ frame_needed = 0, uses_anonymous_args = 0
  31              		@ link register save eliminated.
  18:util/DWT_Delay.c ****     /* Disable TRC */
  19:util/DWT_Delay.c ****     CoreDebug->DEMCR &= ~CoreDebug_DEMCR_TRCENA_Msk; // ~0x01000000;
  32              		.loc 1 19 5 view .LVU1
  33              		.loc 1 19 22 is_stmt 0 view .LVU2
  34 0000 104B     		ldr	r3, .L4
  35 0002 D3F8FC20 		ldr	r2, [r3, #252]
  36 0006 22F08072 		bic	r2, r2, #16777216
  37 000a C3F8FC20 		str	r2, [r3, #252]
  20:util/DWT_Delay.c ****     /* Enable TRC */
  21:util/DWT_Delay.c ****     CoreDebug->DEMCR |=  CoreDebug_DEMCR_TRCENA_Msk; // 0x01000000;
ARM GAS  C:\Users\84935\AppData\Local\Temp\ccRicgfu.s 			page 2


  38              		.loc 1 21 5 is_stmt 1 view .LVU3
  39              		.loc 1 21 22 is_stmt 0 view .LVU4
  40 000e D3F8FC20 		ldr	r2, [r3, #252]
  41 0012 42F08072 		orr	r2, r2, #16777216
  42 0016 C3F8FC20 		str	r2, [r3, #252]
  22:util/DWT_Delay.c **** 
  23:util/DWT_Delay.c ****     /* Disable clock cycle counter */
  24:util/DWT_Delay.c ****     DWT->CTRL &= ~DWT_CTRL_CYCCNTENA_Msk; //~0x00000001;
  43              		.loc 1 24 5 is_stmt 1 view .LVU5
  44              		.loc 1 24 15 is_stmt 0 view .LVU6
  45 001a A3F55D43 		sub	r3, r3, #56576
  46 001e 1A68     		ldr	r2, [r3]
  47 0020 22F00102 		bic	r2, r2, #1
  48 0024 1A60     		str	r2, [r3]
  25:util/DWT_Delay.c ****     /* Enable  clock cycle counter */
  26:util/DWT_Delay.c ****     DWT->CTRL |=  DWT_CTRL_CYCCNTENA_Msk; //0x00000001;
  49              		.loc 1 26 5 is_stmt 1 view .LVU7
  50              		.loc 1 26 15 is_stmt 0 view .LVU8
  51 0026 1A68     		ldr	r2, [r3]
  52 0028 42F00102 		orr	r2, r2, #1
  53 002c 1A60     		str	r2, [r3]
  27:util/DWT_Delay.c **** 
  28:util/DWT_Delay.c ****     /* Reset the clock cycle counter value */
  29:util/DWT_Delay.c ****     DWT->CYCCNT = 0;
  54              		.loc 1 29 5 is_stmt 1 view .LVU9
  55              		.loc 1 29 17 is_stmt 0 view .LVU10
  56 002e 0022     		movs	r2, #0
  57 0030 5A60     		str	r2, [r3, #4]
  30:util/DWT_Delay.c **** 
  31:util/DWT_Delay.c ****     /* 3 NO OPERATION instructions */
  32:util/DWT_Delay.c ****     __ASM volatile ("NOP");
  58              		.loc 1 32 5 is_stmt 1 view .LVU11
  59              		.syntax unified
  60              	@ 32 "util/DWT_Delay.c" 1
  61 0032 00BF     		NOP
  62              	@ 0 "" 2
  33:util/DWT_Delay.c ****     __ASM volatile ("NOP");
  63              		.loc 1 33 5 view .LVU12
  64              	@ 33 "util/DWT_Delay.c" 1
  65 0034 00BF     		NOP
  66              	@ 0 "" 2
  34:util/DWT_Delay.c ****     __ASM volatile ("NOP");
  67              		.loc 1 34 5 view .LVU13
  68              	@ 34 "util/DWT_Delay.c" 1
  69 0036 00BF     		NOP
  70              	@ 0 "" 2
  35:util/DWT_Delay.c **** 
  36:util/DWT_Delay.c ****     /* Check if clock cycle counter has started */
  37:util/DWT_Delay.c ****     if(DWT->CYCCNT)
  71              		.loc 1 37 5 view .LVU14
  72              		.loc 1 37 11 is_stmt 0 view .LVU15
  73              		.thumb
  74              		.syntax unified
  75 0038 5B68     		ldr	r3, [r3, #4]
  76              		.loc 1 37 7 view .LVU16
  77 003a 0BB1     		cbz	r3, .L3
  38:util/DWT_Delay.c ****     {
ARM GAS  C:\Users\84935\AppData\Local\Temp\ccRicgfu.s 			page 3


  39:util/DWT_Delay.c ****        return 0; /*clock cycle counter started*/
  78              		.loc 1 39 15 view .LVU17
  79 003c 1046     		mov	r0, r2
  80 003e 7047     		bx	lr
  81              	.L3:
  40:util/DWT_Delay.c ****     }
  41:util/DWT_Delay.c ****     else
  42:util/DWT_Delay.c ****     {
  43:util/DWT_Delay.c ****       return 1; /*clock cycle counter not started*/
  82              		.loc 1 43 14 view .LVU18
  83 0040 0120     		movs	r0, #1
  44:util/DWT_Delay.c ****     }
  45:util/DWT_Delay.c **** }
  84              		.loc 1 45 1 view .LVU19
  85 0042 7047     		bx	lr
  86              	.L5:
  87              		.align	2
  88              	.L4:
  89 0044 00ED00E0 		.word	-536810240
  90              		.cfi_endproc
  91              	.LFE67:
  93              		.text
  94              	.Letext0:
  95              		.file 2 "c:\\users\\84935\\stm32f103c8t6\\tools\\gcc-arm-none-eabi-10.3-2021.10-win32\\gcc-arm-non
  96              		.file 3 "c:\\users\\84935\\stm32f103c8t6\\tools\\gcc-arm-none-eabi-10.3-2021.10-win32\\gcc-arm-non
  97              		.file 4 "Drivers/CMSIS/Include/core_cm3.h"
ARM GAS  C:\Users\84935\AppData\Local\Temp\ccRicgfu.s 			page 4


DEFINED SYMBOLS
                            *ABS*:00000000 DWT_Delay.c
C:\Users\84935\AppData\Local\Temp\ccRicgfu.s:18     .text.DWT_Delay_Init:00000000 $t
C:\Users\84935\AppData\Local\Temp\ccRicgfu.s:24     .text.DWT_Delay_Init:00000000 DWT_Delay_Init
C:\Users\84935\AppData\Local\Temp\ccRicgfu.s:89     .text.DWT_Delay_Init:00000044 $d

NO UNDEFINED SYMBOLS
