ARM GAS  C:\Users\84935\AppData\Local\Temp\cc8t20UL.s 			page 1


   1              		.cpu cortex-m3
   2              		.arch armv7-m
   3              		.fpu softvfp
   4              		.eabi_attribute 20, 1
   5              		.eabi_attribute 21, 1
   6              		.eabi_attribute 23, 3
   7              		.eabi_attribute 24, 1
   8              		.eabi_attribute 25, 1
   9              		.eabi_attribute 26, 1
  10              		.eabi_attribute 30, 1
  11              		.eabi_attribute 34, 1
  12              		.eabi_attribute 18, 4
  13              		.file	"stm32f1xx_it.c"
  14              		.text
  15              	.Ltext0:
  16              		.cfi_sections	.debug_frame
  17              		.section	.text.NMI_Handler,"ax",%progbits
  18              		.align	1
  19              		.global	NMI_Handler
  20              		.syntax unified
  21              		.thumb
  22              		.thumb_func
  24              	NMI_Handler:
  25              	.LFB65:
  26              		.file 1 "Core/Src/stm32f1xx_it.c"
   1:Core/Src/stm32f1xx_it.c **** /* USER CODE BEGIN Header */
   2:Core/Src/stm32f1xx_it.c **** /**
   3:Core/Src/stm32f1xx_it.c ****   ******************************************************************************
   4:Core/Src/stm32f1xx_it.c ****   * @file    stm32f1xx_it.c
   5:Core/Src/stm32f1xx_it.c ****   * @brief   Interrupt Service Routines.
   6:Core/Src/stm32f1xx_it.c ****   ******************************************************************************
   7:Core/Src/stm32f1xx_it.c ****   * @attention
   8:Core/Src/stm32f1xx_it.c ****   *
   9:Core/Src/stm32f1xx_it.c ****   * Copyright (c) 2023 STMicroelectronics.
  10:Core/Src/stm32f1xx_it.c ****   * All rights reserved.
  11:Core/Src/stm32f1xx_it.c ****   *
  12:Core/Src/stm32f1xx_it.c ****   * This software is licensed under terms that can be found in the LICENSE file
  13:Core/Src/stm32f1xx_it.c ****   * in the root directory of this software component.
  14:Core/Src/stm32f1xx_it.c ****   * If no LICENSE file comes with this software, it is provided AS-IS.
  15:Core/Src/stm32f1xx_it.c ****   *
  16:Core/Src/stm32f1xx_it.c ****   ******************************************************************************
  17:Core/Src/stm32f1xx_it.c ****   */
  18:Core/Src/stm32f1xx_it.c **** /* USER CODE END Header */
  19:Core/Src/stm32f1xx_it.c **** 
  20:Core/Src/stm32f1xx_it.c **** /* Includes ------------------------------------------------------------------*/
  21:Core/Src/stm32f1xx_it.c **** #include "main.h"
  22:Core/Src/stm32f1xx_it.c **** #include "stm32f1xx_it.h"
  23:Core/Src/stm32f1xx_it.c **** /* Private includes ----------------------------------------------------------*/
  24:Core/Src/stm32f1xx_it.c **** /* USER CODE BEGIN Includes */
  25:Core/Src/stm32f1xx_it.c **** /* USER CODE END Includes */
  26:Core/Src/stm32f1xx_it.c **** 
  27:Core/Src/stm32f1xx_it.c **** /* Private typedef -----------------------------------------------------------*/
  28:Core/Src/stm32f1xx_it.c **** /* USER CODE BEGIN TD */
  29:Core/Src/stm32f1xx_it.c **** 
  30:Core/Src/stm32f1xx_it.c **** /* USER CODE END TD */
  31:Core/Src/stm32f1xx_it.c **** 
  32:Core/Src/stm32f1xx_it.c **** /* Private define ------------------------------------------------------------*/
ARM GAS  C:\Users\84935\AppData\Local\Temp\cc8t20UL.s 			page 2


  33:Core/Src/stm32f1xx_it.c **** /* USER CODE BEGIN PD */
  34:Core/Src/stm32f1xx_it.c **** 
  35:Core/Src/stm32f1xx_it.c **** /* USER CODE END PD */
  36:Core/Src/stm32f1xx_it.c **** 
  37:Core/Src/stm32f1xx_it.c **** /* Private macro -------------------------------------------------------------*/
  38:Core/Src/stm32f1xx_it.c **** /* USER CODE BEGIN PM */
  39:Core/Src/stm32f1xx_it.c **** 
  40:Core/Src/stm32f1xx_it.c **** /* USER CODE END PM */
  41:Core/Src/stm32f1xx_it.c **** 
  42:Core/Src/stm32f1xx_it.c **** /* Private variables ---------------------------------------------------------*/
  43:Core/Src/stm32f1xx_it.c **** /* USER CODE BEGIN PV */
  44:Core/Src/stm32f1xx_it.c **** 
  45:Core/Src/stm32f1xx_it.c **** /* USER CODE END PV */
  46:Core/Src/stm32f1xx_it.c **** 
  47:Core/Src/stm32f1xx_it.c **** /* Private function prototypes -----------------------------------------------*/
  48:Core/Src/stm32f1xx_it.c **** /* USER CODE BEGIN PFP */
  49:Core/Src/stm32f1xx_it.c **** 
  50:Core/Src/stm32f1xx_it.c **** /* USER CODE END PFP */
  51:Core/Src/stm32f1xx_it.c **** 
  52:Core/Src/stm32f1xx_it.c **** /* Private user code ---------------------------------------------------------*/
  53:Core/Src/stm32f1xx_it.c **** /* USER CODE BEGIN 0 */
  54:Core/Src/stm32f1xx_it.c **** 
  55:Core/Src/stm32f1xx_it.c **** /* USER CODE END 0 */
  56:Core/Src/stm32f1xx_it.c **** 
  57:Core/Src/stm32f1xx_it.c **** /* External variables --------------------------------------------------------*/
  58:Core/Src/stm32f1xx_it.c **** extern DMA_HandleTypeDef hdma_usart1_rx;
  59:Core/Src/stm32f1xx_it.c **** extern UART_HandleTypeDef huart1;
  60:Core/Src/stm32f1xx_it.c **** /* USER CODE BEGIN EV */
  61:Core/Src/stm32f1xx_it.c **** 
  62:Core/Src/stm32f1xx_it.c **** /* USER CODE END EV */
  63:Core/Src/stm32f1xx_it.c **** 
  64:Core/Src/stm32f1xx_it.c **** /******************************************************************************/
  65:Core/Src/stm32f1xx_it.c **** /*           Cortex-M3 Processor Interruption and Exception Handlers          */
  66:Core/Src/stm32f1xx_it.c **** /******************************************************************************/
  67:Core/Src/stm32f1xx_it.c **** /**
  68:Core/Src/stm32f1xx_it.c ****   * @brief This function handles Non maskable interrupt.
  69:Core/Src/stm32f1xx_it.c ****   */
  70:Core/Src/stm32f1xx_it.c **** void NMI_Handler(void)
  71:Core/Src/stm32f1xx_it.c **** {
  27              		.loc 1 71 1 view -0
  28              		.cfi_startproc
  29              		@ Volatile: function does not return.
  30              		@ args = 0, pretend = 0, frame = 0
  31              		@ frame_needed = 0, uses_anonymous_args = 0
  32              		@ link register save eliminated.
  33              	.L2:
  72:Core/Src/stm32f1xx_it.c ****   /* USER CODE BEGIN NonMaskableInt_IRQn 0 */
  73:Core/Src/stm32f1xx_it.c **** 
  74:Core/Src/stm32f1xx_it.c ****   /* USER CODE END NonMaskableInt_IRQn 0 */
  75:Core/Src/stm32f1xx_it.c ****   /* USER CODE BEGIN NonMaskableInt_IRQn 1 */
  76:Core/Src/stm32f1xx_it.c ****   while (1)
  34              		.loc 1 76 3 discriminator 1 view .LVU1
  77:Core/Src/stm32f1xx_it.c ****   {
  78:Core/Src/stm32f1xx_it.c ****   }
  35              		.loc 1 78 3 discriminator 1 view .LVU2
  76:Core/Src/stm32f1xx_it.c ****   {
  36              		.loc 1 76 9 discriminator 1 view .LVU3
ARM GAS  C:\Users\84935\AppData\Local\Temp\cc8t20UL.s 			page 3


  37 0000 FEE7     		b	.L2
  38              		.cfi_endproc
  39              	.LFE65:
  41              		.section	.text.HardFault_Handler,"ax",%progbits
  42              		.align	1
  43              		.global	HardFault_Handler
  44              		.syntax unified
  45              		.thumb
  46              		.thumb_func
  48              	HardFault_Handler:
  49              	.LFB66:
  79:Core/Src/stm32f1xx_it.c ****   /* USER CODE END NonMaskableInt_IRQn 1 */
  80:Core/Src/stm32f1xx_it.c **** }
  81:Core/Src/stm32f1xx_it.c **** 
  82:Core/Src/stm32f1xx_it.c **** /**
  83:Core/Src/stm32f1xx_it.c ****   * @brief This function handles Hard fault interrupt.
  84:Core/Src/stm32f1xx_it.c ****   */
  85:Core/Src/stm32f1xx_it.c **** void HardFault_Handler(void)
  86:Core/Src/stm32f1xx_it.c **** {
  50              		.loc 1 86 1 view -0
  51              		.cfi_startproc
  52              		@ Volatile: function does not return.
  53              		@ args = 0, pretend = 0, frame = 0
  54              		@ frame_needed = 0, uses_anonymous_args = 0
  55              		@ link register save eliminated.
  56              	.L4:
  87:Core/Src/stm32f1xx_it.c ****   /* USER CODE BEGIN HardFault_IRQn 0 */
  88:Core/Src/stm32f1xx_it.c **** 
  89:Core/Src/stm32f1xx_it.c ****   /* USER CODE END HardFault_IRQn 0 */
  90:Core/Src/stm32f1xx_it.c ****   while (1)
  57              		.loc 1 90 3 discriminator 1 view .LVU5
  91:Core/Src/stm32f1xx_it.c ****   {
  92:Core/Src/stm32f1xx_it.c ****     /* USER CODE BEGIN W1_HardFault_IRQn 0 */
  93:Core/Src/stm32f1xx_it.c ****     /* USER CODE END W1_HardFault_IRQn 0 */
  94:Core/Src/stm32f1xx_it.c ****   }
  58              		.loc 1 94 3 discriminator 1 view .LVU6
  90:Core/Src/stm32f1xx_it.c ****   {
  59              		.loc 1 90 9 discriminator 1 view .LVU7
  60 0000 FEE7     		b	.L4
  61              		.cfi_endproc
  62              	.LFE66:
  64              		.section	.text.MemManage_Handler,"ax",%progbits
  65              		.align	1
  66              		.global	MemManage_Handler
  67              		.syntax unified
  68              		.thumb
  69              		.thumb_func
  71              	MemManage_Handler:
  72              	.LFB67:
  95:Core/Src/stm32f1xx_it.c **** }
  96:Core/Src/stm32f1xx_it.c **** 
  97:Core/Src/stm32f1xx_it.c **** /**
  98:Core/Src/stm32f1xx_it.c ****   * @brief This function handles Memory management fault.
  99:Core/Src/stm32f1xx_it.c ****   */
 100:Core/Src/stm32f1xx_it.c **** void MemManage_Handler(void)
 101:Core/Src/stm32f1xx_it.c **** {
  73              		.loc 1 101 1 view -0
ARM GAS  C:\Users\84935\AppData\Local\Temp\cc8t20UL.s 			page 4


  74              		.cfi_startproc
  75              		@ Volatile: function does not return.
  76              		@ args = 0, pretend = 0, frame = 0
  77              		@ frame_needed = 0, uses_anonymous_args = 0
  78              		@ link register save eliminated.
  79              	.L6:
 102:Core/Src/stm32f1xx_it.c ****   /* USER CODE BEGIN MemoryManagement_IRQn 0 */
 103:Core/Src/stm32f1xx_it.c **** 
 104:Core/Src/stm32f1xx_it.c ****   /* USER CODE END MemoryManagement_IRQn 0 */
 105:Core/Src/stm32f1xx_it.c ****   while (1)
  80              		.loc 1 105 3 discriminator 1 view .LVU9
 106:Core/Src/stm32f1xx_it.c ****   {
 107:Core/Src/stm32f1xx_it.c ****     /* USER CODE BEGIN W1_MemoryManagement_IRQn 0 */
 108:Core/Src/stm32f1xx_it.c ****     /* USER CODE END W1_MemoryManagement_IRQn 0 */
 109:Core/Src/stm32f1xx_it.c ****   }
  81              		.loc 1 109 3 discriminator 1 view .LVU10
 105:Core/Src/stm32f1xx_it.c ****   {
  82              		.loc 1 105 9 discriminator 1 view .LVU11
  83 0000 FEE7     		b	.L6
  84              		.cfi_endproc
  85              	.LFE67:
  87              		.section	.text.BusFault_Handler,"ax",%progbits
  88              		.align	1
  89              		.global	BusFault_Handler
  90              		.syntax unified
  91              		.thumb
  92              		.thumb_func
  94              	BusFault_Handler:
  95              	.LFB68:
 110:Core/Src/stm32f1xx_it.c **** }
 111:Core/Src/stm32f1xx_it.c **** 
 112:Core/Src/stm32f1xx_it.c **** /**
 113:Core/Src/stm32f1xx_it.c ****   * @brief This function handles Prefetch fault, memory access fault.
 114:Core/Src/stm32f1xx_it.c ****   */
 115:Core/Src/stm32f1xx_it.c **** void BusFault_Handler(void)
 116:Core/Src/stm32f1xx_it.c **** {
  96              		.loc 1 116 1 view -0
  97              		.cfi_startproc
  98              		@ Volatile: function does not return.
  99              		@ args = 0, pretend = 0, frame = 0
 100              		@ frame_needed = 0, uses_anonymous_args = 0
 101              		@ link register save eliminated.
 102              	.L8:
 117:Core/Src/stm32f1xx_it.c ****   /* USER CODE BEGIN BusFault_IRQn 0 */
 118:Core/Src/stm32f1xx_it.c **** 
 119:Core/Src/stm32f1xx_it.c ****   /* USER CODE END BusFault_IRQn 0 */
 120:Core/Src/stm32f1xx_it.c ****   while (1)
 103              		.loc 1 120 3 discriminator 1 view .LVU13
 121:Core/Src/stm32f1xx_it.c ****   {
 122:Core/Src/stm32f1xx_it.c ****     /* USER CODE BEGIN W1_BusFault_IRQn 0 */
 123:Core/Src/stm32f1xx_it.c ****     /* USER CODE END W1_BusFault_IRQn 0 */
 124:Core/Src/stm32f1xx_it.c ****   }
 104              		.loc 1 124 3 discriminator 1 view .LVU14
 120:Core/Src/stm32f1xx_it.c ****   {
 105              		.loc 1 120 9 discriminator 1 view .LVU15
 106 0000 FEE7     		b	.L8
 107              		.cfi_endproc
ARM GAS  C:\Users\84935\AppData\Local\Temp\cc8t20UL.s 			page 5


 108              	.LFE68:
 110              		.section	.text.UsageFault_Handler,"ax",%progbits
 111              		.align	1
 112              		.global	UsageFault_Handler
 113              		.syntax unified
 114              		.thumb
 115              		.thumb_func
 117              	UsageFault_Handler:
 118              	.LFB69:
 125:Core/Src/stm32f1xx_it.c **** }
 126:Core/Src/stm32f1xx_it.c **** 
 127:Core/Src/stm32f1xx_it.c **** /**
 128:Core/Src/stm32f1xx_it.c ****   * @brief This function handles Undefined instruction or illegal state.
 129:Core/Src/stm32f1xx_it.c ****   */
 130:Core/Src/stm32f1xx_it.c **** void UsageFault_Handler(void)
 131:Core/Src/stm32f1xx_it.c **** {
 119              		.loc 1 131 1 view -0
 120              		.cfi_startproc
 121              		@ Volatile: function does not return.
 122              		@ args = 0, pretend = 0, frame = 0
 123              		@ frame_needed = 0, uses_anonymous_args = 0
 124              		@ link register save eliminated.
 125              	.L10:
 132:Core/Src/stm32f1xx_it.c ****   /* USER CODE BEGIN UsageFault_IRQn 0 */
 133:Core/Src/stm32f1xx_it.c **** 
 134:Core/Src/stm32f1xx_it.c ****   /* USER CODE END UsageFault_IRQn 0 */
 135:Core/Src/stm32f1xx_it.c ****   while (1)
 126              		.loc 1 135 3 discriminator 1 view .LVU17
 136:Core/Src/stm32f1xx_it.c ****   {
 137:Core/Src/stm32f1xx_it.c ****     /* USER CODE BEGIN W1_UsageFault_IRQn 0 */
 138:Core/Src/stm32f1xx_it.c ****     /* USER CODE END W1_UsageFault_IRQn 0 */
 139:Core/Src/stm32f1xx_it.c ****   }
 127              		.loc 1 139 3 discriminator 1 view .LVU18
 135:Core/Src/stm32f1xx_it.c ****   {
 128              		.loc 1 135 9 discriminator 1 view .LVU19
 129 0000 FEE7     		b	.L10
 130              		.cfi_endproc
 131              	.LFE69:
 133              		.section	.text.SVC_Handler,"ax",%progbits
 134              		.align	1
 135              		.global	SVC_Handler
 136              		.syntax unified
 137              		.thumb
 138              		.thumb_func
 140              	SVC_Handler:
 141              	.LFB70:
 140:Core/Src/stm32f1xx_it.c **** }
 141:Core/Src/stm32f1xx_it.c **** 
 142:Core/Src/stm32f1xx_it.c **** /**
 143:Core/Src/stm32f1xx_it.c ****   * @brief This function handles System service call via SWI instruction.
 144:Core/Src/stm32f1xx_it.c ****   */
 145:Core/Src/stm32f1xx_it.c **** void SVC_Handler(void)
 146:Core/Src/stm32f1xx_it.c **** {
 142              		.loc 1 146 1 view -0
 143              		.cfi_startproc
 144              		@ args = 0, pretend = 0, frame = 0
 145              		@ frame_needed = 0, uses_anonymous_args = 0
ARM GAS  C:\Users\84935\AppData\Local\Temp\cc8t20UL.s 			page 6


 146              		@ link register save eliminated.
 147:Core/Src/stm32f1xx_it.c ****   /* USER CODE BEGIN SVCall_IRQn 0 */
 148:Core/Src/stm32f1xx_it.c **** 
 149:Core/Src/stm32f1xx_it.c ****   /* USER CODE END SVCall_IRQn 0 */
 150:Core/Src/stm32f1xx_it.c ****   /* USER CODE BEGIN SVCall_IRQn 1 */
 151:Core/Src/stm32f1xx_it.c **** 
 152:Core/Src/stm32f1xx_it.c ****   /* USER CODE END SVCall_IRQn 1 */
 153:Core/Src/stm32f1xx_it.c **** }
 147              		.loc 1 153 1 view .LVU21
 148 0000 7047     		bx	lr
 149              		.cfi_endproc
 150              	.LFE70:
 152              		.section	.text.DebugMon_Handler,"ax",%progbits
 153              		.align	1
 154              		.global	DebugMon_Handler
 155              		.syntax unified
 156              		.thumb
 157              		.thumb_func
 159              	DebugMon_Handler:
 160              	.LFB71:
 154:Core/Src/stm32f1xx_it.c **** 
 155:Core/Src/stm32f1xx_it.c **** /**
 156:Core/Src/stm32f1xx_it.c ****   * @brief This function handles Debug monitor.
 157:Core/Src/stm32f1xx_it.c ****   */
 158:Core/Src/stm32f1xx_it.c **** void DebugMon_Handler(void)
 159:Core/Src/stm32f1xx_it.c **** {
 161              		.loc 1 159 1 view -0
 162              		.cfi_startproc
 163              		@ args = 0, pretend = 0, frame = 0
 164              		@ frame_needed = 0, uses_anonymous_args = 0
 165              		@ link register save eliminated.
 160:Core/Src/stm32f1xx_it.c ****   /* USER CODE BEGIN DebugMonitor_IRQn 0 */
 161:Core/Src/stm32f1xx_it.c **** 
 162:Core/Src/stm32f1xx_it.c ****   /* USER CODE END DebugMonitor_IRQn 0 */
 163:Core/Src/stm32f1xx_it.c ****   /* USER CODE BEGIN DebugMonitor_IRQn 1 */
 164:Core/Src/stm32f1xx_it.c **** 
 165:Core/Src/stm32f1xx_it.c ****   /* USER CODE END DebugMonitor_IRQn 1 */
 166:Core/Src/stm32f1xx_it.c **** }
 166              		.loc 1 166 1 view .LVU23
 167 0000 7047     		bx	lr
 168              		.cfi_endproc
 169              	.LFE71:
 171              		.section	.text.PendSV_Handler,"ax",%progbits
 172              		.align	1
 173              		.global	PendSV_Handler
 174              		.syntax unified
 175              		.thumb
 176              		.thumb_func
 178              	PendSV_Handler:
 179              	.LFB72:
 167:Core/Src/stm32f1xx_it.c **** 
 168:Core/Src/stm32f1xx_it.c **** /**
 169:Core/Src/stm32f1xx_it.c ****   * @brief This function handles Pendable request for system service.
 170:Core/Src/stm32f1xx_it.c ****   */
 171:Core/Src/stm32f1xx_it.c **** void PendSV_Handler(void)
 172:Core/Src/stm32f1xx_it.c **** {
 180              		.loc 1 172 1 view -0
ARM GAS  C:\Users\84935\AppData\Local\Temp\cc8t20UL.s 			page 7


 181              		.cfi_startproc
 182              		@ args = 0, pretend = 0, frame = 0
 183              		@ frame_needed = 0, uses_anonymous_args = 0
 184              		@ link register save eliminated.
 173:Core/Src/stm32f1xx_it.c ****   /* USER CODE BEGIN PendSV_IRQn 0 */
 174:Core/Src/stm32f1xx_it.c **** 
 175:Core/Src/stm32f1xx_it.c ****   /* USER CODE END PendSV_IRQn 0 */
 176:Core/Src/stm32f1xx_it.c ****   /* USER CODE BEGIN PendSV_IRQn 1 */
 177:Core/Src/stm32f1xx_it.c **** 
 178:Core/Src/stm32f1xx_it.c ****   /* USER CODE END PendSV_IRQn 1 */
 179:Core/Src/stm32f1xx_it.c **** }
 185              		.loc 1 179 1 view .LVU25
 186 0000 7047     		bx	lr
 187              		.cfi_endproc
 188              	.LFE72:
 190              		.section	.text.SysTick_Handler,"ax",%progbits
 191              		.align	1
 192              		.global	SysTick_Handler
 193              		.syntax unified
 194              		.thumb
 195              		.thumb_func
 197              	SysTick_Handler:
 198              	.LFB73:
 180:Core/Src/stm32f1xx_it.c **** 
 181:Core/Src/stm32f1xx_it.c **** /**
 182:Core/Src/stm32f1xx_it.c ****   * @brief This function handles System tick timer.
 183:Core/Src/stm32f1xx_it.c ****   */
 184:Core/Src/stm32f1xx_it.c **** void SysTick_Handler(void)
 185:Core/Src/stm32f1xx_it.c **** {
 199              		.loc 1 185 1 view -0
 200              		.cfi_startproc
 201              		@ args = 0, pretend = 0, frame = 0
 202              		@ frame_needed = 0, uses_anonymous_args = 0
 203 0000 08B5     		push	{r3, lr}
 204              	.LCFI0:
 205              		.cfi_def_cfa_offset 8
 206              		.cfi_offset 3, -8
 207              		.cfi_offset 14, -4
 186:Core/Src/stm32f1xx_it.c ****   /* USER CODE BEGIN SysTick_IRQn 0 */
 187:Core/Src/stm32f1xx_it.c **** 
 188:Core/Src/stm32f1xx_it.c ****   /* USER CODE END SysTick_IRQn 0 */
 189:Core/Src/stm32f1xx_it.c ****   HAL_IncTick();
 208              		.loc 1 189 3 view .LVU27
 209 0002 FFF7FEFF 		bl	HAL_IncTick
 210              	.LVL0:
 190:Core/Src/stm32f1xx_it.c ****   /* USER CODE BEGIN SysTick_IRQn 1 */
 191:Core/Src/stm32f1xx_it.c **** 
 192:Core/Src/stm32f1xx_it.c ****   /* USER CODE END SysTick_IRQn 1 */
 193:Core/Src/stm32f1xx_it.c **** }
 211              		.loc 1 193 1 is_stmt 0 view .LVU28
 212 0006 08BD     		pop	{r3, pc}
 213              		.cfi_endproc
 214              	.LFE73:
 216              		.section	.text.DMA1_Channel5_IRQHandler,"ax",%progbits
 217              		.align	1
 218              		.global	DMA1_Channel5_IRQHandler
 219              		.syntax unified
ARM GAS  C:\Users\84935\AppData\Local\Temp\cc8t20UL.s 			page 8


 220              		.thumb
 221              		.thumb_func
 223              	DMA1_Channel5_IRQHandler:
 224              	.LFB74:
 194:Core/Src/stm32f1xx_it.c **** 
 195:Core/Src/stm32f1xx_it.c **** /******************************************************************************/
 196:Core/Src/stm32f1xx_it.c **** /* STM32F1xx Peripheral Interrupt Handlers                                    */
 197:Core/Src/stm32f1xx_it.c **** /* Add here the Interrupt Handlers for the used peripherals.                  */
 198:Core/Src/stm32f1xx_it.c **** /* For the available peripheral interrupt handler names,                      */
 199:Core/Src/stm32f1xx_it.c **** /* please refer to the startup file (startup_stm32f1xx.s).                    */
 200:Core/Src/stm32f1xx_it.c **** /******************************************************************************/
 201:Core/Src/stm32f1xx_it.c **** 
 202:Core/Src/stm32f1xx_it.c **** /**
 203:Core/Src/stm32f1xx_it.c ****   * @brief This function handles DMA1 channel5 global interrupt.
 204:Core/Src/stm32f1xx_it.c ****   */
 205:Core/Src/stm32f1xx_it.c **** void DMA1_Channel5_IRQHandler(void)
 206:Core/Src/stm32f1xx_it.c **** {
 225              		.loc 1 206 1 is_stmt 1 view -0
 226              		.cfi_startproc
 227              		@ args = 0, pretend = 0, frame = 0
 228              		@ frame_needed = 0, uses_anonymous_args = 0
 229 0000 08B5     		push	{r3, lr}
 230              	.LCFI1:
 231              		.cfi_def_cfa_offset 8
 232              		.cfi_offset 3, -8
 233              		.cfi_offset 14, -4
 207:Core/Src/stm32f1xx_it.c ****   /* USER CODE BEGIN DMA1_Channel5_IRQn 0 */
 208:Core/Src/stm32f1xx_it.c **** 
 209:Core/Src/stm32f1xx_it.c ****   /* USER CODE END DMA1_Channel5_IRQn 0 */
 210:Core/Src/stm32f1xx_it.c ****   HAL_DMA_IRQHandler(&hdma_usart1_rx);
 234              		.loc 1 210 3 view .LVU30
 235 0002 0248     		ldr	r0, .L18
 236 0004 FFF7FEFF 		bl	HAL_DMA_IRQHandler
 237              	.LVL1:
 211:Core/Src/stm32f1xx_it.c ****   /* USER CODE BEGIN DMA1_Channel5_IRQn 1 */
 212:Core/Src/stm32f1xx_it.c **** 
 213:Core/Src/stm32f1xx_it.c ****   /* USER CODE END DMA1_Channel5_IRQn 1 */
 214:Core/Src/stm32f1xx_it.c **** }
 238              		.loc 1 214 1 is_stmt 0 view .LVU31
 239 0008 08BD     		pop	{r3, pc}
 240              	.L19:
 241 000a 00BF     		.align	2
 242              	.L18:
 243 000c 00000000 		.word	hdma_usart1_rx
 244              		.cfi_endproc
 245              	.LFE74:
 247              		.section	.text.EXTI9_5_IRQHandler,"ax",%progbits
 248              		.align	1
 249              		.global	EXTI9_5_IRQHandler
 250              		.syntax unified
 251              		.thumb
 252              		.thumb_func
 254              	EXTI9_5_IRQHandler:
 255              	.LFB75:
 215:Core/Src/stm32f1xx_it.c **** 
 216:Core/Src/stm32f1xx_it.c **** /**
 217:Core/Src/stm32f1xx_it.c ****   * @brief This function handles EXTI line[9:5] interrupts.
ARM GAS  C:\Users\84935\AppData\Local\Temp\cc8t20UL.s 			page 9


 218:Core/Src/stm32f1xx_it.c ****   */
 219:Core/Src/stm32f1xx_it.c **** void EXTI9_5_IRQHandler(void)
 220:Core/Src/stm32f1xx_it.c **** {
 256              		.loc 1 220 1 is_stmt 1 view -0
 257              		.cfi_startproc
 258              		@ args = 0, pretend = 0, frame = 0
 259              		@ frame_needed = 0, uses_anonymous_args = 0
 260 0000 08B5     		push	{r3, lr}
 261              	.LCFI2:
 262              		.cfi_def_cfa_offset 8
 263              		.cfi_offset 3, -8
 264              		.cfi_offset 14, -4
 221:Core/Src/stm32f1xx_it.c ****   /* USER CODE BEGIN EXTI9_5_IRQn 0 */
 222:Core/Src/stm32f1xx_it.c **** 
 223:Core/Src/stm32f1xx_it.c ****   /* USER CODE END EXTI9_5_IRQn 0 */
 224:Core/Src/stm32f1xx_it.c ****   HAL_GPIO_EXTI_IRQHandler(GPIO_PIN_6);
 265              		.loc 1 224 3 view .LVU33
 266 0002 4020     		movs	r0, #64
 267 0004 FFF7FEFF 		bl	HAL_GPIO_EXTI_IRQHandler
 268              	.LVL2:
 225:Core/Src/stm32f1xx_it.c ****   /* USER CODE BEGIN EXTI9_5_IRQn 1 */
 226:Core/Src/stm32f1xx_it.c **** 
 227:Core/Src/stm32f1xx_it.c ****   /* USER CODE END EXTI9_5_IRQn 1 */
 228:Core/Src/stm32f1xx_it.c **** }
 269              		.loc 1 228 1 is_stmt 0 view .LVU34
 270 0008 08BD     		pop	{r3, pc}
 271              		.cfi_endproc
 272              	.LFE75:
 274              		.section	.text.USART1_IRQHandler,"ax",%progbits
 275              		.align	1
 276              		.global	USART1_IRQHandler
 277              		.syntax unified
 278              		.thumb
 279              		.thumb_func
 281              	USART1_IRQHandler:
 282              	.LFB76:
 229:Core/Src/stm32f1xx_it.c **** 
 230:Core/Src/stm32f1xx_it.c **** /**
 231:Core/Src/stm32f1xx_it.c ****   * @brief This function handles USART1 global interrupt.
 232:Core/Src/stm32f1xx_it.c ****   */
 233:Core/Src/stm32f1xx_it.c **** void USART1_IRQHandler(void)
 234:Core/Src/stm32f1xx_it.c **** {
 283              		.loc 1 234 1 is_stmt 1 view -0
 284              		.cfi_startproc
 285              		@ args = 0, pretend = 0, frame = 0
 286              		@ frame_needed = 0, uses_anonymous_args = 0
 287 0000 08B5     		push	{r3, lr}
 288              	.LCFI3:
 289              		.cfi_def_cfa_offset 8
 290              		.cfi_offset 3, -8
 291              		.cfi_offset 14, -4
 235:Core/Src/stm32f1xx_it.c ****   /* USER CODE BEGIN USART1_IRQn 0 */
 236:Core/Src/stm32f1xx_it.c **** 
 237:Core/Src/stm32f1xx_it.c ****   /* USER CODE END USART1_IRQn 0 */
 238:Core/Src/stm32f1xx_it.c ****   HAL_UART_IRQHandler(&huart1);
 292              		.loc 1 238 3 view .LVU36
 293 0002 0248     		ldr	r0, .L24
ARM GAS  C:\Users\84935\AppData\Local\Temp\cc8t20UL.s 			page 10


 294 0004 FFF7FEFF 		bl	HAL_UART_IRQHandler
 295              	.LVL3:
 239:Core/Src/stm32f1xx_it.c ****   /* USER CODE BEGIN USART1_IRQn 1 */
 240:Core/Src/stm32f1xx_it.c **** 
 241:Core/Src/stm32f1xx_it.c ****   /* USER CODE END USART1_IRQn 1 */
 242:Core/Src/stm32f1xx_it.c **** }
 296              		.loc 1 242 1 is_stmt 0 view .LVU37
 297 0008 08BD     		pop	{r3, pc}
 298              	.L25:
 299 000a 00BF     		.align	2
 300              	.L24:
 301 000c 00000000 		.word	huart1
 302              		.cfi_endproc
 303              	.LFE76:
 305              		.text
 306              	.Letext0:
 307              		.file 2 "c:\\users\\84935\\stm32f103c8t6\\tools\\gcc-arm-none-eabi-10.3-2021.10-win32\\gcc-arm-non
 308              		.file 3 "c:\\users\\84935\\stm32f103c8t6\\tools\\gcc-arm-none-eabi-10.3-2021.10-win32\\gcc-arm-non
 309              		.file 4 "Drivers/CMSIS/Device/ST/STM32F1xx/Include/stm32f103xb.h"
 310              		.file 5 "Drivers/STM32F1xx_HAL_Driver/Inc/stm32f1xx_hal_def.h"
 311              		.file 6 "Drivers/STM32F1xx_HAL_Driver/Inc/stm32f1xx_hal_dma.h"
 312              		.file 7 "Drivers/STM32F1xx_HAL_Driver/Inc/stm32f1xx_hal_uart.h"
 313              		.file 8 "Drivers/STM32F1xx_HAL_Driver/Inc/stm32f1xx_hal_gpio.h"
 314              		.file 9 "Drivers/STM32F1xx_HAL_Driver/Inc/stm32f1xx_hal.h"
ARM GAS  C:\Users\84935\AppData\Local\Temp\cc8t20UL.s 			page 11


DEFINED SYMBOLS
                            *ABS*:00000000 stm32f1xx_it.c
C:\Users\84935\AppData\Local\Temp\cc8t20UL.s:18     .text.NMI_Handler:00000000 $t
C:\Users\84935\AppData\Local\Temp\cc8t20UL.s:24     .text.NMI_Handler:00000000 NMI_Handler
C:\Users\84935\AppData\Local\Temp\cc8t20UL.s:42     .text.HardFault_Handler:00000000 $t
C:\Users\84935\AppData\Local\Temp\cc8t20UL.s:48     .text.HardFault_Handler:00000000 HardFault_Handler
C:\Users\84935\AppData\Local\Temp\cc8t20UL.s:65     .text.MemManage_Handler:00000000 $t
C:\Users\84935\AppData\Local\Temp\cc8t20UL.s:71     .text.MemManage_Handler:00000000 MemManage_Handler
C:\Users\84935\AppData\Local\Temp\cc8t20UL.s:88     .text.BusFault_Handler:00000000 $t
C:\Users\84935\AppData\Local\Temp\cc8t20UL.s:94     .text.BusFault_Handler:00000000 BusFault_Handler
C:\Users\84935\AppData\Local\Temp\cc8t20UL.s:111    .text.UsageFault_Handler:00000000 $t
C:\Users\84935\AppData\Local\Temp\cc8t20UL.s:117    .text.UsageFault_Handler:00000000 UsageFault_Handler
C:\Users\84935\AppData\Local\Temp\cc8t20UL.s:134    .text.SVC_Handler:00000000 $t
C:\Users\84935\AppData\Local\Temp\cc8t20UL.s:140    .text.SVC_Handler:00000000 SVC_Handler
C:\Users\84935\AppData\Local\Temp\cc8t20UL.s:153    .text.DebugMon_Handler:00000000 $t
C:\Users\84935\AppData\Local\Temp\cc8t20UL.s:159    .text.DebugMon_Handler:00000000 DebugMon_Handler
C:\Users\84935\AppData\Local\Temp\cc8t20UL.s:172    .text.PendSV_Handler:00000000 $t
C:\Users\84935\AppData\Local\Temp\cc8t20UL.s:178    .text.PendSV_Handler:00000000 PendSV_Handler
C:\Users\84935\AppData\Local\Temp\cc8t20UL.s:191    .text.SysTick_Handler:00000000 $t
C:\Users\84935\AppData\Local\Temp\cc8t20UL.s:197    .text.SysTick_Handler:00000000 SysTick_Handler
C:\Users\84935\AppData\Local\Temp\cc8t20UL.s:217    .text.DMA1_Channel5_IRQHandler:00000000 $t
C:\Users\84935\AppData\Local\Temp\cc8t20UL.s:223    .text.DMA1_Channel5_IRQHandler:00000000 DMA1_Channel5_IRQHandler
C:\Users\84935\AppData\Local\Temp\cc8t20UL.s:243    .text.DMA1_Channel5_IRQHandler:0000000c $d
C:\Users\84935\AppData\Local\Temp\cc8t20UL.s:248    .text.EXTI9_5_IRQHandler:00000000 $t
C:\Users\84935\AppData\Local\Temp\cc8t20UL.s:254    .text.EXTI9_5_IRQHandler:00000000 EXTI9_5_IRQHandler
C:\Users\84935\AppData\Local\Temp\cc8t20UL.s:275    .text.USART1_IRQHandler:00000000 $t
C:\Users\84935\AppData\Local\Temp\cc8t20UL.s:281    .text.USART1_IRQHandler:00000000 USART1_IRQHandler
C:\Users\84935\AppData\Local\Temp\cc8t20UL.s:301    .text.USART1_IRQHandler:0000000c $d

UNDEFINED SYMBOLS
HAL_IncTick
HAL_DMA_IRQHandler
hdma_usart1_rx
HAL_GPIO_EXTI_IRQHandler
HAL_UART_IRQHandler
huart1
